<?xml version="1.0" encoding="UTF-8"?>
<!-- Generated by org.testng.reporters.JUnitReportReporter -->
<testsuite hostname="dt1998" failures="0" tests="1" name="com.mindtree.Runner.Runner" time="3.246" errors="0" timestamp="2022-10-19T19:39:22 IST" skipped="0">
  <testcase classname="com.mindtree.Runner.Runner" name="beforeSuite" time="3.246"/>
  <system-out/>
</testsuite> <!-- com.mindtree.Runner.Runner -->
